2024-02-06T12:10:55.363Z 0: 

----------------------------------------------
2024-02-06T12:10:55.435Z 1: Discord starting: {"releaseChannel":"stable","version":"0.0.42"}, modulepath: /home/dawid/.config/discord/0.0.42/modules
2024-02-06T12:10:55.479Z 2: ✅ webContents.created web1 "index.html"
2024-02-06T12:10:55.512Z 3: ✅ window.created win1 "discord"
2024-02-06T12:10:55.771Z 4: ✅ webContents.did-finish-load web1
2024-02-06T12:11:44.095Z 5: ✅ webContents.created web2 ""
2024-02-06T12:11:44.144Z 6: ✅ window.created win2 "Discord"
2024-02-06T12:11:52.842Z 7: ✅ webContents.did-finish-load web2
2024-02-06T12:11:52.941Z 8: window.close win1
2024-02-06T12:11:53.006Z 9: webContents.destroyed web1
2024-02-06T12:11:53.127Z 10: window.closed win1
2024-02-06T12:12:07.160Z 11: window.close win2
2024-02-06T12:12:09.359Z 12: before-quit
2024-02-06T12:12:23.851Z 0: 

----------------------------------------------
2024-02-06T12:12:23.981Z 1: Discord starting: {"releaseChannel":"stable","version":"0.0.42"}, modulepath: /home/dawid/.config/discord/0.0.42/modules
2024-02-06T12:12:24.025Z 2: ✅ webContents.created web1 "index.html"
2024-02-06T12:12:24.071Z 3: ✅ window.created win1 "discord"
2024-02-06T12:12:24.137Z 4: ✅ webContents.did-finish-load web1
2024-02-06T12:12:24.393Z 5: ✅ webContents.created web2 ""
2024-02-06T12:12:24.455Z 6: ✅ window.created win2 "Discord"
2024-02-06T12:12:26.185Z 7: ✅ webContents.did-finish-load web2
2024-02-06T12:12:26.284Z 8: window.close win1
2024-02-06T12:12:26.378Z 9: webContents.destroyed web1
2024-02-06T12:12:26.415Z 10: window.closed win1
2024-02-06T12:14:15.666Z 11: window.close win2
2024-02-06T14:34:04.481Z 0: 

----------------------------------------------
2024-02-06T14:34:05.090Z 1: Discord starting: {"releaseChannel":"stable","version":"0.0.42"}, modulepath: /home/dawid/.config/discord/0.0.42/modules
2024-02-06T14:34:05.476Z 2: ✅ webContents.created web1 ""
2024-02-06T14:34:05.826Z 3: ✅ window.created win1 "discord"
2024-02-06T14:34:06.043Z 4: ✅ webContents.did-finish-load web1
2024-02-06T14:34:06.785Z 5: ✅ webContents.created web2 ""
2024-02-06T14:34:06.823Z 6: ✅ window.created win2 "Discord"
2024-02-06T14:34:11.652Z 7: ✅ webContents.did-finish-load web2
2024-02-06T14:34:11.952Z 8: window.close win1
2024-02-06T14:34:12.046Z 9: webContents.destroyed web1
2024-02-06T14:34:12.126Z 10: window.closed win1
2024-02-06T14:34:30.576Z 11: window.close win2
2024-02-06T14:34:36.256Z 12: before-quit
2024-02-06T14:34:36.327Z 13: window.close win2
2024-02-06T14:37:48.284Z 0: 

----------------------------------------------
2024-02-06T14:37:49.008Z 1: Discord starting: {"releaseChannel":"stable","version":"0.0.42"}, modulepath: /home/dawid/.config/discord/0.0.42/modules
2024-02-06T14:37:49.162Z 2: ✅ webContents.created web2 "https://discord.com/app?_=1707230268713"
2024-02-06T14:37:49.287Z 3: ✅ webContents.created web1 "Discord Updater"
2024-02-06T14:37:49.372Z 4: ✅ window.created win2 "Discord"
2024-02-06T14:37:49.459Z 5: ✅ window.created win1 "Discord Updater"
2024-02-06T14:37:53.823Z 6: ❌ webContents.did-fail-load web2" -3 
2024-02-06T14:37:55.422Z 7: window.close win1
2024-02-06T14:37:55.495Z 8: webContents.destroyed web1
2024-02-06T14:37:55.561Z 9: window.closed win1
2024-02-06T14:37:56.661Z 10: ✅ webContents.did-finish-load web2
2024-02-06T14:38:00.295Z 11: window.close win2
2024-02-06T14:39:07.979Z 12: before-quit
2024-02-08T11:18:04.568Z 0: 

----------------------------------------------
2024-02-08T11:18:05.171Z 1: Discord starting: {"releaseChannel":"stable","version":"0.0.42"}, modulepath: /home/dawid/.config/discord/0.0.42/modules
2024-02-08T11:18:06.171Z 2: ✅ webContents.created web1 "Discord Updater"
2024-02-08T11:18:06.380Z 3: ✅ window.created win1 "Discord Updater"
2024-02-08T11:18:06.545Z 4: ✅ webContents.did-finish-load web1
2024-02-08T11:18:07.316Z 5: ✅ webContents.created web2 ""
2024-02-08T11:18:07.416Z 6: ✅ window.created win2 "Discord"
2024-02-08T11:18:16.003Z 7: ✅ webContents.did-finish-load web2
2024-02-08T11:18:16.103Z 8: window.close win1
2024-02-08T11:18:16.166Z 9: webContents.destroyed web1
2024-02-08T11:18:16.210Z 10: window.closed win1
2024-02-08T11:19:44.143Z 11: window.close win2
2024-02-08T11:46:16.736Z 0: 

----------------------------------------------
2024-02-08T11:46:17.245Z 1: Discord starting: {"releaseChannel":"stable","version":"0.0.42"}, modulepath: /home/dawid/.config/discord/0.0.42/modules
2024-02-08T11:46:17.591Z 2: ✅ webContents.created web1 ""
2024-02-08T11:46:17.756Z 3: ✅ window.created win1 "discord"
2024-02-08T11:46:18.389Z 4: ✅ webContents.did-finish-load web1
2024-02-08T11:46:18.979Z 5: ✅ webContents.created web2 ""
2024-02-08T11:46:19.031Z 6: ✅ window.created win2 "Discord"
2024-02-08T11:46:25.062Z 7: ✅ webContents.did-finish-load web2
2024-02-08T11:46:25.162Z 8: window.close win1
2024-02-08T11:46:25.211Z 9: webContents.destroyed web1
2024-02-08T11:46:25.265Z 10: window.closed win1
2024-02-08T11:50:42.280Z 11: window.close win2
2024-02-08T11:55:43.883Z 0: 

----------------------------------------------
2024-02-08T12:04:07.979Z 12: window.close win2
2024-02-08T12:08:13.654Z 0: 

----------------------------------------------
2024-02-08T12:08:30.950Z 13: window.close win2
2024-02-08T12:11:56.949Z 0: 

----------------------------------------------
2024-02-08T12:12:02.678Z 14: window.close win2
2024-02-08T12:12:40.994Z 15: before-quit
2024-02-08T12:12:45.870Z 0: 

----------------------------------------------
2024-02-08T12:12:46.062Z 1: Wrote 228800 byte minidump to /home/dawid/.config/discord/0.0.42/modules/crashlogs/2024_02_08T12_12_45_916Z-0-minidump.dmp
2024-02-08T12:12:46.106Z 2: Discord starting: {"releaseChannel":"stable","version":"0.0.42"}, modulepath: /home/dawid/.config/discord/0.0.42/modules
2024-02-08T12:12:46.151Z 3: Sentry report: {"sdk":{"name":"sentry.javascript.electron","packages":[{"name":"npm:@sentry/electron","version":"4.13.0"}],"version":"4.13.0","integrations":["SentryMinidump","ElectronBreadcrumbs","Net","MainContext","ChildProcess","OnUncaughtException","PreloadInjection","AdditionalContext","Screenshots","InboundFilters","FunctionToString","Console","Http","Undici","OnUnhandledRejection","ContextLines","LocalVariables","Modules","RequestData","LinkedErrors"]},"contexts":{"trace":{"trace_id":"8e577beafc4a43da87a95c0d19787821","span_id":"b28aa061d2f8f81c"},"app":{"app_name":"discord","app_version":"0.0.42","app_start_time":"2024-02-08T11:46:14.897Z"},"os":{"kernel_version":"6.7.3-arch1-2","name":"Arch Linux"},"browser":{"name":"Chrome"},"chrome":{"name":"Chrome","type":"runtime","version":"108.0.5359.215"},"device":{"arch":"x64","family":"Desktop","language":"en-US","screen_density":1,"screen_resolution":"1600x900","memory_size":27263123456,"free_memory":19723558912,"processor_count":8,"cpu_description":"Intel(R) Core(TM) i7-4790K CPU @ 4.00GHz","processor_frequency":4399},"node":{"name":"Node","type":"runtime","version":"16.17.1"},"runtime":{"name":"Electron","version":"22.3.26"}},"environment":"stable","release":"0.0.42","user":{"ip_address":"{{auto}}","id":"326659690350247936","username":"itshailight","email":"itshailight@gmail.com"},"tags":{"event.origin":"electron","event.environment":"native","event.process":"browser","event_type":"native","nativeBuildNumber":"null"},"level":"fatal","platform":"native","breadcrumbs":[{"timestamp":1707393462.967,"category":"electron","message":"app.browser-window-focus","type":"ui"},{"timestamp":1707393466.755,"category":"electron","message":"window.blur","type":"ui","data":{"id":2,"url":"https://discord.com/channels/1204399470637481984/1204399471388004384"}},{"timestamp":1707393466.755,"category":"electron","message":"app.browser-window-blur","type":"ui"},{"timestamp":1707393470.824,"category":"electron","message":"window.focus","type":"ui","data":{"id":2,"url":"https://discord.com/channels/1204399470637481984/1204399471388004384"}},{"timestamp":1707393470.824,"category":"electron","message":"app.browser-window-focus","type":"ui"},{"timestamp":1707393472.636,"category":"electron","message":"window.blur","type":"ui","data":{"id":2,"url":"https://discord.com/channels/1204399470637481984/1204399471388004384"}},{"timestamp":1707393472.636,"category":"electron","message":"app.browser-window-blur","type":"ui"},{"timestamp":1707393652.003,"category":"electron","message":"window.focus","type":"ui","data":{"id":2,"url":"https://discord.com/channels/1204399470637481984/1204399471388004384"}},{"timestamp":1707393652.003,"category":"electron","message":"app.browser-window-focus","type":"ui"},{"timestamp":1707393652.619,"category":"electron","message":"window.blur","type":"ui","data":{"id":2,"url":"https://discord.com/channels/1204399470637481984/1204399471388004384"}},{"timestamp":1707393652.619,"category":"electron","message":"app.browser-window-blur","type":"ui"},{"timestamp":1707393653.195,"category":"electron","message":"window.focus","type":"ui","data":{"id":2,"url":"https://discord.com/channels/1204399470637481984/1204399471388004384"}},{"timestamp":1707393653.195,"category":"electron","message":"app.browser-window-focus","type":"ui"},{"timestamp":1707393653.587,"category":"electron","message":"window.blur","type":"ui","data":{"id":2,"url":"https://discord.com/channels/1204399470637481984/1204399471388004384"}},{"timestamp":1707393653.587,"category":"electron","message":"app.browser-window-blur","type":"ui"},{"timestamp":1707393670.966,"category":"electron","message":"window.focus","type":"ui","data":{"id":2,"url":"https://discord.com/channels/1204399470637481984/1204399471388004384"}},{"timestamp":1707393670.966,"category":"electron","message":"app.browser-window-focus","type":"ui"},{"timestamp":1707393670.967,"category":"electron","message":"window.blur","type":"ui","data":{"id":2,"url":"https://discord.com/channels/1204399470637481984/1204399471388004384"}},{"timestamp":1707393670.967,"category":"electron","message":"app.browser-window-blur","type":"ui"},{"timestamp":1707393674.71,"category":"electron","message":"window.focus","type":"ui","data":{"id":2,"url":"https://discord.com/channels/1204399470637481984/1204399471388004384"}},{"timestamp":1707393674.71,"category":"electron","message":"app.browser-window-focus","type":"ui"},{"timestamp":1707393675.012,"category":"electron","message":"window.blur","type":"ui","data":{"id":2,"url":"https://discord.com/channels/1204399470637481984/1204399471388004384"}},{"timestamp":1707393675.012,"category":"electron","message":"app.browser-window-blur","type":"ui"},{"timestamp":1707393675.542,"category":"electron","message":"window.focus","type":"ui","data":{"id":2,"url":"https://discord.com/channels/1204399470637481984/1204399471388004384"}},{"timestamp":1707393675.542,"category":"electron","message":"app.browser-window-focus","type":"ui"},{"timestamp":1707393675.848,"category":"electron","message":"window.blur","type":"ui","data":{"id":2,"url":"https://discord.com/channels/1204399470637481984/1204399471388004384"}},{"timestamp":1707393675.848,"category":"electron","message":"app.browser-window-blur","type":"ui"},{"timestamp":1707393689.603,"category":"electron","message":"window.focus","type":"ui","data":{"id":2,"url":"https://discord.com/channels/1204399470637481984/1204399471388004384"}},{"timestamp":1707393689.603,"category":"electron","message":"app.browser-window-focus","type":"ui"},{"timestamp":1707393690.459,"category":"electron","message":"window.blur","type":"ui","data":{"id":2,"url":"https://discord.com/channels/1204399470637481984/1204399471388004384"}},{"timestamp":1707393690.459,"category":"electron","message":"app.browser-window-blur","type":"ui"},{"timestamp":1707393720.169,"category":"electron","message":"window.focus","type":"ui","data":{"id":2,"url":"https://discord.com/channels/1204399470637481984/1204399471388004384"}},{"timestamp":1707393720.169,"category":"electron","message":"app.browser-window-focus","type":"ui"},{"timestamp":1707393722.902,"category":"ui.click","message":"div.childWrapper__01b9c"},{"timestamp":1707393728.264,"category":"electron","message":"window.blur","type":"ui","data":{"id":2,"url":"https://discord.com/channels/@me/326663956888551427"}},{"timestamp":1707393728.264,"category":"electron","message":"app.browser-window-blur","type":"ui"},{"timestamp":1707393736.267,"category":"electron","message":"window.focus","type":"ui","data":{"id":2,"url":"https://discord.com/channels/@me/326663956888551427"}},{"timestamp":1707393736.267,"category":"electron","message":"app.browser-window-focus","type":"ui"},{"timestamp":1707393737.261,"category":"ui.click","message":"div"},{"timestamp":1707393738.881,"category":"ui.input","message":"div.markup_a7e664.editor__66464.slateTextArea__0661c.fontSize16Padding__48818[aria-label=\"Napisz na @SergeantZero\"]"},{"timestamp":1707393741.497,"category":"ui.input","message":"div.markup_a7e664.editor__66464.slateTextArea__0661c.fontSize16Padding__48818[aria-label=\"Napisz na @SergeantZero\"]"},{"timestamp":1707393743.617,"category":"ui.input","message":"div.markup_a7e664.editor__66464.slateTextArea__0661c.fontSize16Padding__48818[aria-label=\"Napisz na @SergeantZero\"]"},{"timestamp":1707393745.793,"category":"ui.input","message":"div.markup_a7e664.editor__66464.slateTextArea__0661c.fontSize16Padding__48818[aria-label=\"Napisz na @SergeantZero\"]"},{"timestamp":1707393755.503,"category":"ui.click","message":"div.sprite__294b3.spriteGreyscale__7b70f.inactive_c5f2cb"},{"timestamp":1707393763.057,"category":"ui.input","message":"div.markup_a7e664.editor__66464.slateTextArea__0661c.fontSize16Padding__48818[aria-label=\"Napisz na @SergeantZero\"]"},{"timestamp":1707393764.456,"category":"ui.input","message":"div.markup_a7e664.editor__66464.slateTextArea__0661c.fontSize16Padding__48818[aria-label=\"Napisz na @SergeantZero\"]"},{"timestamp":1707393765.728,"category":"ui.input","message":"div.markup_a7e664.editor__66464.slateTextArea__0661c.fontSize16Padding__48818[aria-label=\"Napisz na @SergeantZero\"]"},{"timestamp":1707393781.458,"category":"ui.click","message":"a.originalLink__94d5d"},{"timestamp":1707393784.957,"category":"ui.click","message":"div.layerContainer_d5a653 > div.backdrop__7e89b.withLayer__1fe9d"},{"timestamp":1707393785.51,"category":"electron","message":"window.blur","type":"ui","data":{"id":2,"url":"https://discord.com/channels/@me/326663956888551427"}},{"timestamp":1707393785.51,"category":"electron","message":"app.browser-window-blur","type":"ui"},{"timestamp":1707393846.245,"category":"electron","message":"window.focus","type":"ui","data":{"id":2,"url":"https://discord.com/channels/@me/326663956888551427"}},{"timestamp":1707393846.246,"category":"electron","message":"app.browser-window-focus","type":"ui"},{"timestamp":1707393847.977,"category":"electron","message":"window.close","type":"ui","data":{"id":2,"url":"https://discord.com/channels/@me/326663956888551427"}},{"timestamp":1707393847.979,"category":"electron","message":"window.hide","type":"ui","data":{"id":2,"url":"https://discord.com/channels/@me/326663956888551427"}},{"timestamp":1707393847.979,"category":"console","level":"log","message":"blackbox: 2024-02-08T12:04:07.979Z 12 window.close win2"},{"timestamp":1707393847.98,"category":"electron","message":"window.blur","type":"ui","data":{"id":2,"url":"https://discord.com/channels/@me/326663956888551427"}},{"timestamp":1707393847.98,"category":"electron","message":"app.browser-window-blur","type":"ui"},{"timestamp":1707394093.54,"category":"electron","message":"app.second-instance","type":"ui"},{"timestamp":1707394093.541,"category":"electron","message":"window.show","type":"ui","data":{"id":2,"url":"https://discord.com/channels/@me/326663956888551427"}},{"timestamp":1707394093.541,"category":"electron","message":"window.show","type":"ui","data":{"id":2,"url":"https://discord.com/channels/@me/326663956888551427"}},{"timestamp":1707394093.542,"category":"electron","message":"window.focus","type":"ui","data":{"id":2,"url":"https://discord.com/channels/@me/326663956888551427"}},{"timestamp":1707394093.542,"category":"electron","message":"app.browser-window-focus","type":"ui"},{"timestamp":1707394093.551,"category":"electron","message":"window.blur","type":"ui","data":{"id":2,"url":"https://discord.com/channels/@me/326663956888551427"}},{"timestamp":1707394093.551,"category":"electron","message":"app.browser-window-blur","type":"ui"},{"timestamp":1707394093.861,"category":"electron","message":"window.focus","type":"ui","data":{"id":2,"url":"https://discord.com/channels/@me/326663956888551427"}},{"timestamp":1707394093.862,"category":"electron","message":"app.browser-window-focus","type":"ui"},{"timestamp":1707394097.147,"category":"electron","message":"window.blur","type":"ui","data":{"id":2,"url":"https://discord.com/channels/@me/326663956888551427"}},{"timestamp":1707394097.147,"category":"electron","message":"app.browser-window-blur","type":"ui"},{"timestamp":1707394097.148,"category":"electron","message":"window.focus","type":"ui","data":{"id":2,"url":"https://discord.com/channels/@me/326663956888551427"}},{"timestamp":1707394097.148,"category":"electron","message":"app.browser-window-focus","type":"ui"},{"timestamp":1707394097.604,"category":"electron","message":"window.blur","type":"ui","data":{"id":2,"url":"https://discord.com/channels/@me/326663956888551427"}},{"timestamp":1707394097.604,"category":"electron","message":"app.browser-window-blur","type":"ui"},{"timestamp":1707394097.605,"category":"electron","message":"window.focus","type":"ui","data":{"id":2,"url":"https://discord.com/channels/@me/326663956888551427"}},{"timestamp":1707394097.605,"category":"electron","message":"app.browser-window-focus","type":"ui"},{"timestamp":1707394099.061,"category":"ui.click","message":"div.contents_fb6220 > svg"},{"timestamp":1707394103.646,"category":"electron","message":"window.blur","type":"ui","data":{"id":2,"url":"https://discord.com/channels/@me/326663956888551427"}},{"timestamp":1707394103.646,"category":"electron","message":"app.browser-window-blur","type":"ui"},{"timestamp":1707394108.21,"category":"electron","message":"window.focus","type":"ui","data":{"id":2,"url":"https://discord.com/channels/@me/326663956888551427"}},{"timestamp":1707394108.21,"category":"electron","message":"app.browser-window-focus","type":"ui"},{"timestamp":1707394110.949,"category":"electron","message":"window.close","type":"ui","data":{"id":2,"url":"https://discord.com/channels/@me/326663956888551427"}},{"timestamp":1707394110.95,"category":"electron","message":"window.hide","type":"ui","data":{"id":2,"url":"https://discord.com/channels/@me/326663956888551427"}},{"timestamp":1707394110.95,"category":"console","level":"log","message":"blackbox: 2024-02-08T12:08:30.950Z 13 window.close win2"},{"timestamp":1707394110.951,"category":"electron","message":"window.blur","type":"ui","data":{"id":2,"url":"https://discord.com/channels/@me/326663956888551427"}},{"timestamp":1707394110.951,"category":"electron","message":"app.browser-window-blur","type":"ui"},{"timestamp":1707394316.838,"category":"electron","message":"app.second-instance","type":"ui"},{"timestamp":1707394316.839,"category":"electron","message":"window.show","type":"ui","data":{"id":2,"url":"https://discord.com/channels/@me/326663956888551427"}},{"timestamp":1707394316.841,"category":"electron","message":"window.show","type":"ui","data":{"id":2,"url":"https://discord.com/channels/@me/326663956888551427"}},{"timestamp":1707394316.843,"category":"electron","message":"window.focus","type":"ui","data":{"id":2,"url":"https://discord.com/channels/@me/326663956888551427"}},{"timestamp":1707394316.843,"category":"electron","message":"app.browser-window-focus","type":"ui"},{"timestamp":1707394316.845,"category":"electron","message":"window.blur","type":"ui","data":{"id":2,"url":"https://discord.com/channels/@me/326663956888551427"}},{"timestamp":1707394316.845,"category":"electron","message":"app.browser-window-blur","type":"ui"},{"timestamp":1707394318.168,"category":"electron","message":"window.focus","type":"ui","data":{"id":2,"url":"https://discord.com/channels/@me/326663956888551427"}},{"timestamp":1707394318.168,"category":"electron","message":"app.browser-window-focus","type":"ui"},{"timestamp":1707394321.049,"category":"ui.click","message":"div.container_bb0c52 > div.closeButton__34341[aria-label=\"Zamknij\"]"},{"timestamp":1707394322.676,"category":"electron","message":"window.close","type":"ui","data":{"id":2,"url":"https://discord.com/channels/@me/326663956888551427"}},{"timestamp":1707394322.678,"category":"electron","message":"window.hide","type":"ui","data":{"id":2,"url":"https://discord.com/channels/@me/326663956888551427"}},{"timestamp":1707394322.678,"category":"console","level":"log","message":"blackbox: 2024-02-08T12:12:02.678Z 14 window.close win2"},{"timestamp":1707394322.68,"category":"electron","message":"window.blur","type":"ui","data":{"id":2,"url":"https://discord.com/channels/@me/326663956888551427"}},{"timestamp":1707394322.68,"category":"electron","message":"app.browser-window-blur","type":"ui"},{"timestamp":1707394365.77,"category":"console","level":"log","message":"Discord 0.0.42"},{"timestamp":1707394365.839,"category":"electron","message":"app.will-finish-launching","type":"ui"},{"timestamp":1707394365.845,"category":"electron","message":"app.ready","type":"ui"},{"timestamp":1707394365.851,"category":"electron","message":"app.session-created","type":"ui"},{"timestamp":1707394365.851,"category":"console","level":"log","message":"Starting app."},{"timestamp":1707394365.854,"category":"console","level":"log","message":"Starting updater."},{"timestamp":1707394365.855,"category":"console","level":"log","message":"2024-02-08T12:12:45.855Z [Modules] Modules initializing"},{"timestamp":1707394365.855,"category":"console","level":"log","message":"2024-02-08T12:12:45.855Z [Modules] Distribution: remote"},{"timestamp":1707394365.855,"category":"console","level":"log","message":"2024-02-08T12:12:45.855Z [Modules] Host updates: enabled"},{"timestamp":1707394365.855,"category":"console","level":"log","message":"2024-02-08T12:12:45.855Z [Modules] Module updates: enabled"},{"timestamp":1707394365.856,"category":"console","level":"log","message":"2024-02-08T12:12:45.856Z [Modules] Module install path: /home/dawid/.config/discord/0.0.42/modules"},{"timestamp":1707394365.856,"category":"console","level":"log","message":"2024-02-08T12:12:45.856Z [Modules] Module installed file path: /home/dawid/.config/discord/0.0.42/modules/installed.json"},{"timestamp":1707394365.856,"category":"console","level":"log","message":"2024-02-08T12:12:45.856Z [Modules] Module download path: /home/dawid/.config/discord/0.0.42/modules/pending"},{"timestamp":1707394365.857,"category":"console","level":"log","message":"splashScreen.initSplash(false)"},{"timestamp":1707394365.861,"category":"electron","message":"app.web-contents-created","type":"ui"},{"timestamp":1707394365.862,"category":"electron","message":"app.browser-window-created","type":"ui"},{"timestamp":1707394365.868,"category":"electron","message":"renderer.load-url","type":"ui","data":{}},{"timestamp":1707394365.87,"category":"console","level":"log","message":"blackbox: 2024-02-08T12:12:45.870Z 0 \n\n----------------------------------------------"},{"timestamp":1707394365.77,"category":"console","level":"log","message":"Discord 0.0.42"},{"timestamp":1707394365.839,"category":"electron","message":"app.will-finish-launching","type":"ui"},{"timestamp":1707394365.845,"category":"electron","message":"app.ready","type":"ui"},{"timestamp":1707394365.851,"category":"electron","message":"app.session-created","type":"ui"},{"timestamp":1707394365.851,"category":"console","level":"log","message":"Starting app."},{"timestamp":1707394365.854,"category":"console","level":"log","message":"Starting updater."},{"timestamp":1707394365.855,"category":"console","level":"log","message":"2024-02-08T12:12:45.855Z [Modules] Modules initializing"},{"timestamp":1707394365.855,"category":"console","level":"log","message":"2024-02-08T12:12:45.855Z [Modules] Distribution: remote"},{"timestamp":1707394365.855,"category":"console","level":"log","message":"2024-02-08T12:12:45.855Z [Modules] Host updates: enabled"},{"timestamp":1707394365.855,"category":"console","level":"log","message":"2024-02-08T12:12:45.855Z [Modules] Module updates: enabled"},{"timestamp":1707394365.856,"category":"console","level":"log","message":"2024-02-08T12:12:45.856Z [Modules] Module install path: /home/dawid/.config/discord/0.0.42/modules"},{"timestamp":1707394365.856,"category":"console","level":"log","message":"2024-02-08T12:12:45.856Z [Modules] Module installed file path: /home/dawid/.config/discord/0.0.42/modules/installed.json"},{"timestamp":1707394365.856,"category":"console","level":"log","message":"2024-02-08T12:12:45.856Z [Modules] Module download path: /home/dawid/.config/discord/0.0.42/modules/pending"},{"timestamp":1707394365.857,"category":"console","level":"log","message":"splashScreen.initSplash(false)"},{"timestamp":1707394365.861,"category":"electron","message":"app.web-contents-created","type":"ui"},{"timestamp":1707394365.862,"category":"electron","message":"app.browser-window-created","type":"ui"},{"timestamp":1707394365.868,"category":"electron","message":"renderer.load-url","type":"ui","data":{}},{"timestamp":1707394365.87,"category":"console","level":"log","message":"blackbox: 2024-02-08T12:12:45.870Z 0 \n\n----------------------------------------------"}],"modules":{"mkdirp":"0.5.5","rimraf":"2.7.1","glob":"7.1.7","fs.realpath":"1.0.0","minimatch":"3.1.2","brace-expansion":"1.1.11","concat-map":"0.0.1","balanced-match":"1.0.2","inherits":"2.0.4","path-is-absolute":"1.0.1","inflight":"1.0.6","wrappy":"1.0.2","once":"1.4.0","yauzl":"2.10.0","fd-slicer":"1.1.0","pend":"1.2.0","buffer-crc32":"0.2.13","request":"2.88.0","extend":"3.0.2","tough-cookie":"2.4.3","psl":"1.8.0","json-stringify-safe":"5.0.1","safe-buffer":"5.2.1","aws-sign2":"0.7.0","aws4":"1.11.0","http-signature":"1.2.0","assert-plus":"1.0.0","sshpk":"1.16.1","safer-buffer":"2.1.2","asn1":"0.2.4","ecc-jsbn":"0.1.2","jsbn":"0.1.1","tweetnacl":"0.14.5","jsprim":"1.4.1","extsprintf":"1.3.0","verror":"1.10.0","core-util-is":"1.0.2","json-schema":"0.2.3","mime-types":"2.1.32","mime-db":"1.49.0","caseless":"0.12.0","forever-agent":"0.6.1","form-data":"2.3.3","combined-stream":"1.0.8","delayed-stream":"1.0.0","asynckit":"0.4.0","isstream":"0.1.2","is-typedarray":"1.0.0","qs":"6.5.3","har-validator":"5.1.5","ajv":"6.12.6","uri-js":"4.4.1","fast-deep-equal":"3.1.3","json-schema-traverse":"0.4.1","fast-json-stable-stringify":"2.1.0","har-schema":"2.0.0","uuid":"3.4.0","oauth-sign":"0.9.0","tunnel-agent":"0.6.0","performance-now":"2.1.0","arch":"2.2.0","https-proxy-agent":"5.0.1","ms":"2.1.2","agent-base":"6.0.2","lru_map":"0.3.3","cookie":"0.5.0","deepmerge":"4.3.0"},"event_id":"dfb0427a4b28477caaac55d7d9bcbc47","timestamp":1707394365.902,"extra":{"release_channel":"stable","sentry":{"environment":"stable","release":"0.0.42"},"wm":"Hyprland,unknown"}}
2024-02-08T12:12:46.194Z 4: ✅ webContents.created web1 "Discord Updater"
2024-02-08T12:12:46.238Z 5: ✅ window.created win1 "Discord Updater"
2024-02-08T12:12:46.331Z 6: ✅ webContents.created web2 ""
2024-02-08T12:12:46.373Z 7: ✅ window.created win2 "Discord"
2024-02-08T12:12:48.395Z 8: ✅ webContents.did-finish-load web2
2024-02-08T12:12:48.495Z 9: window.close win1
2024-02-08T12:12:48.547Z 10: webContents.destroyed web1
2024-02-08T12:12:48.602Z 11: window.closed win1
2024-02-08T12:13:43.981Z 12: ❌ webContents.nresponsive web2
2024-02-08T12:15:12.775Z 13: ❌ webContents.nresponsive web2
2024-02-08T12:16:52.927Z 14: window.closed win2
2024-02-08T12:16:53.670Z 0: 

----------------------------------------------
2024-02-08T12:16:53.738Z 1: Discord starting: {"releaseChannel":"stable","version":"0.0.42"}, modulepath: /home/dawid/.config/discord/0.0.42/modules
2024-02-08T12:16:53.903Z 2: ✅ webContents.created web1 "Discord Updater"
2024-02-08T12:16:53.969Z 3: ✅ window.created win1 "Discord Updater"
2024-02-08T12:16:54.013Z 4: ✅ webContents.did-finish-load web1
2024-02-08T12:16:54.098Z 5: ✅ webContents.created web2 ""
2024-02-08T12:16:54.145Z 6: ✅ window.created win2 "Discord"
2024-02-08T12:16:56.194Z 7: ✅ webContents.did-finish-load web2
2024-02-08T12:16:56.294Z 8: window.close win1
2024-02-08T12:16:56.344Z 9: webContents.destroyed web1
2024-02-08T12:16:56.399Z 10: window.closed win1
2024-02-08T13:31:01.147Z 11: before-quit
2024-02-08T15:42:32.426Z 0: 

----------------------------------------------
2024-02-08T15:42:32.633Z 1: Discord starting: {"releaseChannel":"stable","version":"0.0.42"}, modulepath: /home/dawid/.config/discord/0.0.42/modules
2024-02-08T15:42:32.832Z 2: ✅ webContents.created web1 ""
2024-02-08T15:42:32.941Z 3: ✅ window.created win1 "discord"
2024-02-08T15:42:33.718Z 4: ✅ webContents.created web2 ""
2024-02-08T15:42:33.810Z 5: ✅ window.created win2 "Discord"
2024-02-08T15:42:33.887Z 6: ✅ webContents.did-finish-load web1
2024-02-08T15:42:38.509Z 7: ✅ webContents.did-finish-load web2
2024-02-08T15:42:38.607Z 8: window.close win1
2024-02-08T15:42:38.648Z 9: webContents.destroyed web1
2024-02-08T15:42:38.725Z 10: window.closed win1
2024-02-08T15:47:10.852Z 11: window.close win2
2024-02-08T15:58:24.324Z 12: window.close win2
2024-02-08T15:58:32.913Z 13: window.close win2
